<?xml version="1.0" encoding="UTF-8"?>
<!-- Generated by org.testng.reporters.JUnitXMLReporter -->
<testsuite hostname="Malik" ignored="0" name="Test" tests="1" failures="1" timestamp="03 Jul 2018 20:14:53 GMT" time="51.58" errors="0">
  <testcase name="feature" time="50.826" classname="runners.TestRunner">
    <failure type="cucumber.runtime.CucumberException" message="java.util.NoSuchElementException: No value present">
      <![CDATA[cucumber.runtime.CucumberException: java.util.NoSuchElementException: No value present
at cucumber.api.testng.TestNGCucumberRunner.runCucumber(TestNGCucumberRunner.java:69)
at runners.TestRunner.feature(TestRunner.java:25)
Caused by: java.util.NoSuchElementException: No value present
at java.util.Optional.get(Unknown Source)
at dataProviders.JsonDataReader.getCustomerByName(JsonDataReader.java:36)
at stepDefinitions.CheckoutPageSteps.enter_personal_details_on_checkout_page(CheckoutPageSteps.java:21)
at âœ½.And enter "<customer>" personal details on checkout page(End2End_Test.feature:9)
... Removed 25 stack frames]]>
    </failure>
  </testcase> <!-- feature -->
</testsuite> <!-- Test -->
